
# Домашнее задание к занятию «Индексы»

<!--

### Инструкция по выполнению домашнего задания

1. Сделайте fork [репозитория c шаблоном решения](https://github.com/netology-code/sys-pattern-homework) к себе в Github и переименуйте его по названию или номеру занятия, например, https://github.com/имя-вашего-репозитория/gitlab-hw или https://github.com/имя-вашего-репозитория/8-03-hw).
2. Выполните клонирование этого репозитория к себе на ПК с помощью команды `git clone`.
3. Выполните домашнее задание и заполните у себя локально этот файл README.md:
   - впишите вверху название занятия и ваши фамилию и имя;
   - в каждом задании добавьте решение в требуемом виде: текст/код/скриншоты/ссылка;
   - для корректного добавления скриншотов воспользуйтесь инструкцией [«Как вставить скриншот в шаблон с решением»](https://github.com/netology-code/sys-pattern-homework/blob/main/screen-instruction.md);
   - при оформлении используйте возможности языка разметки md. Коротко об этом можно посмотреть в [инструкции по MarkDown](https://github.com/netology-code/sys-pattern-homework/blob/main/md-instruction.md).
4. После завершения работы над домашним заданием сделайте коммит (`git commit -m "comment"`) и отправьте его на Github (`git push origin`).
5. Для проверки домашнего задания преподавателем в личном кабинете прикрепите и отправьте ссылку на решение в виде md-файла в вашем Github.
6. Любые вопросы задавайте в чате учебной группы и/или в разделе «Вопросы по заданию» в личном кабинете.

Желаем успехов в выполнении домашнего задания.

-->

<details>
  <summary>

### Задание 1

Напишите запрос к учебной базе данных, который вернёт процентное отношение общего размера всех индексов к общему размеру всех таблиц.

  </summary>

```
SELECT
    sum(index_length)/sum(data_length)*100 AS '% отношение Индексов к Данным'
FROM
    INFORMATION_SCHEMA.TABLES
;
```

|% отношение Индексов к Данным|
|-----------------------------|
|22.2667|

</details>

<details>
  <summary>

### Задание 2

Выполните explain analyze следующего запроса:

  </summary>

```sql
select
  distinct
    concat(c.last_name, ' ', c.first_name),
    sum(p.amount) over (partition by c.customer_id, f.title)
from
  payment p,
  rental r,
  customer c,
  inventory i,
  film f
where
   date (p.payment_date) =  '2005-07-30'
    and  p.payment_date  =  r.rental_date
    and  r.customer_id   =  c.customer_id
    and  i.inventory_id  =  r.inventory_id
```

  - перечислите узкие места

  - оптимизируйте запрос: внесите корректировки по использованию операторов, при необходимости добавьте индексы

 <details>
   <summary>
  
выполнение запроса EXPLAIN 

   </summary>

```
-> Table scan on <temporary>  (cost=2.5..2.5 rows=0) (actual time=5086..5086 rows=391 loops=1)
    -> Temporary table with deduplication  (cost=0..0 rows=0) (actual time=5086..5086 rows=391 loops=1)
        -> Window aggregate with buffering: sum(payment.amount) OVER (PARTITION BY c.customer_id,f.title )   (actual time=2144..4905 rows=642000 loops=1)
            -> Sort: c.customer_id, f.title  (actual time=2144..2206 rows=642000 loops=1)
                -> Stream results  (cost=22.1e+6 rows=16.7e+6) (actual time=0.303..1511 rows=642000 loops=1)
                    -> Nested loop inner join  (cost=22.1e+6 rows=16.7e+6) (actual time=0.297..1305 rows=642000 loops=1)
                        -> Nested loop inner join  (cost=20.5e+6 rows=16.7e+6) (actual time=0.294..1149 rows=642000 loops=1)
                            -> Nested loop inner join  (cost=18.8e+6 rows=16.7e+6) (actual time=0.289..968 rows=642000 loops=1)
                                -> Inner hash join (no condition)  (cost=1.65e+6 rows=16.5e+6) (actual time=0.276..37.6 rows=634000 loops=1)
                                    -> Filter: (cast(p.payment_date as date) = '2005-07-30')  (cost=1.72 rows=16500) (actual time=0.0255..5.07 rows=634 loops=1)
                                        -> Table scan on p  (cost=1.72 rows=16500) (actual time=0.0174..3.56 rows=16044 loops=1)
                                    -> Hash
                                        -> Covering index scan on f using idx_title  (cost=103 rows=1000) (actual time=0.0284..0.181 rows=1000 loops=1)
                                -> Covering index lookup on r using rental_date (rental_date=p.payment_date)  (cost=0.938 rows=1.01) (actual time=937e-6..0.00134 rows=1.01 loops=634000)
                            -> Single-row index lookup on c using PRIMARY (customer_id=r.customer_id)  (cost=250e-6 rows=1) (actual time=136e-6..156e-6 rows=1 loops=642000)
                        -> Single-row covering index lookup on i using PRIMARY (inventory_id=r.inventory_id)  (cost=250e-6 rows=1) (actual time=104e-6..125e-6 rows=1 loops=642000)
```

 </details>


|Таблица|Тип доступа|Возможные индексы|Количество строк за одно сканирование|
|---|---|---|---|
|film|индекс|idx_title|1000|
|payment|ВСЕ| |16500|
|rental|ref|rental_date, idx_fk_inventory_id, idx_fk_customer_id|1|
|customer|eq_ref|ПЕРВИЧНЫЙ|1|
|inventory|eq_ref|ПЕРВИЧНЫЙ|1|

Анализ:

полные сканы таблицы

Доступ к следующим таблицам осуществляется с помощью полного сканирования таблицы. 

Таблица payment с 16500 строками, MySQL считывает все строки в таблице за одно сканирование.

Полные сканы индекса

Доступ к следующим таблицам осуществляется с полным сканированием индекса. MySQL считывает весь индекс для этих таблиц.

Таблица film:      Используется индекс 'idx_title'.
Таблица rental:    Осуществляется доступ к совпадающим строкам, используется индекс «rental_date».
Таблица customer:  Доступ не более чем к одной строке из этой таблицы осуществляется с помощью индекса, ПЕРВИЧНЫЙ КЛЮЧ.
Таблица inventory: Доступ не более чем к одной строке из этой таблицы осуществляется с помощью индекса, ПЕРВИЧНЫЙ КЛЮЧ.


Оценка (экспериментальная!)
|Таблица|Количество строк|Расчетное количество строк|
|:---:|---:|---|
|film|1000|1000|
|payment|16500|16500|
|rental|1|1|
|cutomer|1|1|
|inventory|1|1|

|Стоимость выполнения запроса|27498093.00|
|---|---|




--


</details>

## Дополнительные задания (со звёздочкой*)
Эти задания дополнительные, то есть не обязательные к выполнению, и никак не повлияют на получение вами зачёта по этому домашнему заданию. Вы можете их выполнить, если хотите глубже шире разобраться в материале.

<details>
  <summary>

### Задание 3*

Самостоятельно изучите, какие типы индексов используются в PostgreSQL. Перечислите те индексы, которые используются в PostgreSQL, а в MySQL — нет.

  </summary>



*Приведите ответ в свободной форме.*

</details>


